AbstractDOMParser.cpp:1117:20: warning: 6 enumeration values not handled in switch: 'AttTypes_Unknown', 'Simple', 'Any_Any'... [-Wswitch]
 1117 |             switch(type)
      |                    ^~~~
AbstractDOMParser.cpp:1176:20: warning: 8 enumeration values not handled in switch: 'DefAttTypes_Unknown', 'Default', 'Required_And_Fixed'... [-Wswitch]
 1176 |             switch(def)
      |                    ^~~
ContentSpecNode.cpp:284:56: warning: operator '?:' has lower precedence than '*'; '*' will be evaluated first [-Wparentheses]
  284 |                     max = max * (maxFirst > maxSecond) ? maxFirst : maxSecond;
      |                           ~~~~~~~~~~~~~~~~~~~~~~~~~~~~ ^
ContentSpecNode.cpp:284:56: note: place parentheses around the '*' expression to silence this warning
  284 |                     max = max * (maxFirst > maxSecond) ? maxFirst : maxSecond;
      |                                                        ^
      |                           (                           )
ContentSpecNode.cpp:284:56: note: place parentheses around the '?:' expression to evaluate it first
  284 |                     max = max * (maxFirst > maxSecond) ? maxFirst : maxSecond;
      |                                                        ^                     
      |                                 (                                            )
1 warning generated.
2 warnings generated.
DOMDocumentImpl.cpp:1311:9: warning: add explicit braces to avoid dangling else [-Wdangling-else]
 1311 |         else
      |         ^
DOMParser.cpp:984:20: warning: 6 enumeration values not handled in switch: 'AttTypes_Unknown', 'Simple', 'Any_Any'... [-Wswitch]
  984 |             switch(type)
      |                    ^~~~
DOMParser.cpp:1047:20: warning: 8 enumeration values not handled in switch: 'DefAttTypes_Unknown', 'Default', 'Required_And_Fixed'... [-Wswitch]
 1047 |             switch(def)
      |                    ^~~
1 warning generated.
2 warnings generated.
In file included from DocumentImpl.cpp:65:
In file included from xercesc/dom/DocumentImpl.hpp:78:
In file included from ./xercesc/util/RefHashTableOf.hpp:373:
./xercesc/util/RefHashTableOf.c:281:17: warning: cannot delete expression with pointer-to-'void' type 'void *' [-Wdelete-incomplete]
  281 |                 delete curElem->fData;
      |                 ^      ~~~~~~~~~~~~~~
./xercesc/util/RefHashTableOf.c:226:5: note: in instantiation of member function 'xercesc_2_5::RefHashTableOf<void>::removeAll' requested here
  226 |     removeAll();
      |     ^
DocumentImpl.cpp:186:9: note: in instantiation of member function 'xercesc_2_5::RefHashTableOf<void>::~RefHashTableOf' requested here
  186 |         delete userData;
      |         ^
In file included from DocumentImpl.cpp:65:
In file included from xercesc/dom/DocumentImpl.hpp:78:
In file included from ./xercesc/util/RefHashTableOf.hpp:373:
./xercesc/util/RefHashTableOf.c:596:17: warning: cannot delete expression with pointer-to-'void' type 'void *' [-Wdelete-incomplete]
  596 |                 delete curElem->fData;
      |                 ^      ~~~~~~~~~~~~~~
./xercesc/util/RefHashTableOf.c:260:5: note: in instantiation of member function 'xercesc_2_5::RefHashTableOf<void>::removeBucketElem' requested here
  260 |     removeBucketElem(key, hashVal);
      |     ^
DocumentImpl.cpp:831:13: note: in instantiation of member function 'xercesc_2_5::RefHashTableOf<void>::removeKey' requested here
  831 |                 userData->removeKey((void*)n);
      |                           ^
In file included from DocumentImpl.cpp:65:
In file included from xercesc/dom/DocumentImpl.hpp:78:
In file included from ./xercesc/util/RefHashTableOf.hpp:373:
./xercesc/util/RefHashTableOf.c:460:13: warning: cannot delete expression with pointer-to-'void' type 'void *' [-Wdelete-incomplete]
  460 |             delete newBucket->fData;
      |             ^      ~~~~~~~~~~~~~~~~
DocumentImpl.cpp:833:13: note: in instantiation of member function 'xercesc_2_5::RefHashTableOf<void>::put' requested here
  833 |                 userData->put((void*)n,data);
      |                           ^
3 warnings generated.
IGXMLScanner.cpp:2398:13: warning: add explicit braces to avoid dangling else [-Wdangling-else]
 2398 |             else if (fGrammarType == Grammar::SchemaGrammarType) 
      |             ^
IGXMLScanner.cpp:2521:13: warning: add explicit braces to avoid dangling else [-Wdangling-else]
 2521 |             else if (fGrammarType == Grammar::SchemaGrammarType) 
      |             ^
RangeImpl.cpp:466:52: warning: inequality comparison result unused [-Wunused-comparison]
  466 |         for (DOM_Node n = parent.getFirstChild(); n!=null, n!=refNode; n = n.getNextSibling()) {
      |                                                   ~^~~~~~
RangeImpl.cpp:466:52: note: use '|=' to turn this inequality comparison into an or-assignment
  466 |         for (DOM_Node n = parent.getFirstChild(); n!=null, n!=refNode; n = n.getNextSibling()) {
      |                                                    ^~
      |                                                    |=
1 warning generated.
2 warnings generated.
In file included from TransService.cpp:73:
./xercesc/util/XMLWin1252Transcoder.hpp:57:9: warning: 'XMLWIN1252TRANSCODER_HPP' is used as a header guard here, followed by #define of a different macro [-Wheader-guard]
   57 | #ifndef XMLWIN1252TRANSCODER_HPP
      |         ^~~~~~~~~~~~~~~~~~~~~~~~
./xercesc/util/XMLWin1252Transcoder.hpp:58:9: note: 'XMLWIN2152TRANSCODER_HPP' is defined here; did you mean 'XMLWIN1252TRANSCODER_HPP'?
   58 | #define XMLWIN2152TRANSCODER_HPP
      |         ^~~~~~~~~~~~~~~~~~~~~~~~
      |         XMLWIN1252TRANSCODER_HPP
1 warning generated.
XMLChTranscoder.cpp:117:23: warning: setting buffer to a 'sizeof' expression; did you mean to transpose the last two arguments? [-Wmemset-transposed-args]
  117 |     memset(charSizes, sizeof(XMLCh), countToDo);
      |                       ^
XMLChTranscoder.cpp:117:23: note: cast the second argument to 'int' to silence
1 warning generated.
XMLUTF16Transcoder.cpp:158:23: warning: setting buffer to a 'sizeof' expression; did you mean to transpose the last two arguments? [-Wmemset-transposed-args]
  158 |     memset(charSizes, sizeof(UTF16Ch), countToDo);
      |                       ^
XMLUTF16Transcoder.cpp:158:23: note: cast the second argument to 'int' to silence
1 warning generated.
In file included from XMLWin1252Transcoder.cpp:61:
./xercesc/util/XMLWin1252Transcoder.hpp:57:9: warning: 'XMLWIN1252TRANSCODER_HPP' is used as a header guard here, followed by #define of a different macro [-Wheader-guard]
   57 | #ifndef XMLWIN1252TRANSCODER_HPP
      |         ^~~~~~~~~~~~~~~~~~~~~~~~
./xercesc/util/XMLWin1252Transcoder.hpp:58:9: note: 'XMLWIN2152TRANSCODER_HPP' is defined here; did you mean 'XMLWIN1252TRANSCODER_HPP'?
   58 | #define XMLWIN2152TRANSCODER_HPP
      |         ^~~~~~~~~~~~~~~~~~~~~~~~
      |         XMLWIN1252TRANSCODER_HPP
1 warning generated.
XSModel.cpp:874:12: warning: 12 enumeration values not handled in switch: 'TYPE_DEFINITION', 'ATTRIBUTE_USE', 'ATTRIBUTE_GROUP_DEFINITION'... [-Wswitch]
  874 |     switch(compType) {
      |            ^~~~~~~~
1 warning generated.
In file included from XalanCAPI.cpp:28:
In file included from /usr/lib/gcc/x86_64-linux-gnu/9/../../../../include/c++/9/backward/strstream:50:
/usr/lib/gcc/x86_64-linux-gnu/9/../../../../include/c++/9/backward/backward_warning.h:32:2: warning: This file includes at least one deprecated or antiquated header which   may be removed without further notice at a future date. Please use a   non-deprecated interface with equivalent functionality instead. For a   listing of replacement headers and interfaces, consult the file   backward_warning.h. To disable this warning use -Wno-deprecated. [-W#warnings]
   32 | #warning \
      |  ^
1 warning generated.
