COMP: /home/xzp/LLVM/llvm/install-17.0.0-rc1/bin/clang++ -c -o options.o -DSPEC_CPU -DNDEBUG  -DAPP_NO_THREADS -DXALAN_INMEM_MSG_LOADER -I. -Ixercesc -Ixercesc/dom -Ixercesc/dom/impl -Ixercesc/sax -Ixercesc/util/MsgLoaders/InMemory -Ixercesc/util/Transcoders/Iconv -Ixalanc/include -DPROJ_XMLPARSER -DPROJ_XMLUTIL -DPROJ_PARSERS -DPROJ_SAX4C -DPROJ_SAX2 -DPROJ_DOM -DPROJ_VALIDATORS -DXML_USE_NATIVE_TRANSCODER -DXML_USE_INMEM_MESSAGELOADER -DXML_USE_PTHREADS  -std=c++98 -O3 -ffast-math -march=znver2 -flto -ffp-contract=off -Wno-compound-token-split-by-macro -static -fno-vectorize -fno-slp-vectorize   -DSPEC_CPU_LP64 -DSPEC_CPU_LINUX -DXALAN_STRICT_ANSI_HEADERS -include cstdlib -include cstring -include ctime      <source>
C: CXXC="/home/xzp/LLVM/llvm/install-17.0.0-rc1/bin/clang++"
C: CXXOBJOPT="-c -o options"
P: CPUFLAGS="-DSPEC_CPU -DNDEBUG"
P: BENCH_FLAGS=""
P: BENCH_CXXFLAGS="-DAPP_NO_THREADS -DXALAN_INMEM_MSG_LOADER -I. -Ixercesc -Ixercesc/dom -Ixercesc/dom/impl -Ixercesc/sax -Ixercesc/util/MsgLoaders/InMemory -Ixercesc/util/Transcoders/Iconv -Ixalanc/include -DPROJ_XMLPARSER -DPROJ_XMLUTIL -DPROJ_PARSERS -DPROJ_SAX4C -DPROJ_SAX2 -DPROJ_DOM -DPROJ_VALIDATORS -DXML_USE_NATIVE_TRANSCODER -DXML_USE_INMEM_MESSAGELOADER -DXML_USE_PTHREADS"
O: OPTIMIZE=""
O: CXXOPTIMIZE="-std=c++98 -O3 -ffast-math -march=znver2 -flto -ffp-contract=off -Wno-compound-token-split-by-macro -static -fno-vectorize -fno-slp-vectorize"
P: PORTABILITY="-DSPEC_CPU_LP64"
P: CXXPORTABILITY="-DSPEC_CPU_LINUX -DXALAN_STRICT_ANSI_HEADERS -include cstdlib -include cstring -include ctime"
O: EXTRA_CXXFLAGS=""
O: EXTRA_OPTIMIZE=""
O: EXTRA_CXXOPTIMIZE=""
P: EXTRA_PORTABILITY=""
P: EXTRA_CXXPORTABILITY=""
LINK: /home/xzp/LLVM/llvm/install-17.0.0-rc1/bin/clang++   -std=c++98 -O3 -ffast-math -march=znver2 -flto -ffp-contract=off -Wno-compound-token-split-by-macro -static -fno-vectorize -fno-slp-vectorize  -DSPEC_CPU_LP64 -DSPEC_CPU_LINUX -DXALAN_STRICT_ANSI_HEADERS -include cstdlib -include cstring -include ctime    -z muldefs -Wl   -fuse-ld=lld   <objects>        -L/home/xzp/jemalloc/jemalloc-amd/lib -static -lrt -ljemalloc  -lpthread -ldl   -o options
C: LD="/home/xzp/LLVM/llvm/install-17.0.0-rc1/bin/clang++"
O: CXXOPTIMIZE="-std=c++98 -O3 -ffast-math -march=znver2 -flto -ffp-contract=off -Wno-compound-token-split-by-macro -static -fno-vectorize -fno-slp-vectorize"
P: PORTABILITY="-DSPEC_CPU_LP64"
P: CXXPORTABILITY="-DSPEC_CPU_LINUX -DXALAN_STRICT_ANSI_HEADERS -include cstdlib -include cstring -include ctime"
O: EXTRA_LDFLAGS="-z muldefs -Wl   -fuse-ld=lld"
O: EXTRA_LIBS="-L/home/xzp/jemalloc/jemalloc-amd/lib -static -lrt -ljemalloc  -lpthread -ldl"
C: LDOUT="-o options"
