COMP: /home/xzp/lib/llvm-riscv-17.0.0-rc2/bin/clang++ --target=riscv64-unknown-linux-gnu --gcc-toolchain=/home/xzp/lib/gnu-riscv64 --sysroot=/home/xzp/lib/gnu-riscv64/sysroot/ -c -o options.o -DSPEC_CPU -DNDEBUG  -DAPP_NO_THREADS -DXALAN_INMEM_MSG_LOADER -I. -Ixercesc -Ixercesc/dom -Ixercesc/dom/impl -Ixercesc/sax -Ixercesc/util/MsgLoaders/InMemory -Ixercesc/util/Transcoders/Iconv -Ixalanc/include -DPROJ_XMLPARSER -DPROJ_XMLUTIL -DPROJ_PARSERS -DPROJ_SAX4C -DPROJ_SAX2 -DPROJ_DOM -DPROJ_VALIDATORS -DXML_USE_NATIVE_TRANSCODER -DXML_USE_INMEM_MESSAGELOADER -DXML_USE_PTHREADS  -std=c++98 -O3 -ffast-math -march=rv64gc -flto -ffp-contract=off -Wno-compound-token-split-by-macro -static   -DSPEC_CPU_LP64 -DSPEC_CPU_LINUX -DXALAN_STRICT_ANSI_HEADERS -include cstdlib -include cstring -include ctime      <source>
C: CXXC="/home/xzp/lib/llvm-riscv-17.0.0-rc2/bin/clang++ --target=riscv64-unknown-linux-gnu --gcc-toolchain=/home/xzp/lib/gnu-riscv64 --sysroot=/home/xzp/lib/gnu-riscv64/sysroot/"
C: CXXOBJOPT="-c -o options"
P: CPUFLAGS="-DSPEC_CPU -DNDEBUG"
P: BENCH_FLAGS=""
P: BENCH_CXXFLAGS="-DAPP_NO_THREADS -DXALAN_INMEM_MSG_LOADER -I. -Ixercesc -Ixercesc/dom -Ixercesc/dom/impl -Ixercesc/sax -Ixercesc/util/MsgLoaders/InMemory -Ixercesc/util/Transcoders/Iconv -Ixalanc/include -DPROJ_XMLPARSER -DPROJ_XMLUTIL -DPROJ_PARSERS -DPROJ_SAX4C -DPROJ_SAX2 -DPROJ_DOM -DPROJ_VALIDATORS -DXML_USE_NATIVE_TRANSCODER -DXML_USE_INMEM_MESSAGELOADER -DXML_USE_PTHREADS"
O: OPTIMIZE=""
O: CXXOPTIMIZE="-std=c++98 -O3 -ffast-math -march=rv64gc -flto -ffp-contract=off -Wno-compound-token-split-by-macro -static"
P: PORTABILITY="-DSPEC_CPU_LP64"
P: CXXPORTABILITY="-DSPEC_CPU_LINUX -DXALAN_STRICT_ANSI_HEADERS -include cstdlib -include cstring -include ctime"
O: EXTRA_CXXFLAGS=""
O: EXTRA_OPTIMIZE=""
O: EXTRA_CXXOPTIMIZE=""
P: EXTRA_PORTABILITY=""
P: EXTRA_CXXPORTABILITY=""
LINK: /home/xzp/lib/llvm-riscv-17.0.0-rc2/bin/clang++ --target=riscv64-unknown-linux-gnu --gcc-toolchain=/home/xzp/lib/gnu-riscv64 --sysroot=/home/xzp/lib/gnu-riscv64/sysroot/   -std=c++98 -O3 -ffast-math -march=rv64gc -flto -ffp-contract=off -Wno-compound-token-split-by-macro -static  -DSPEC_CPU_LP64 -DSPEC_CPU_LINUX -DXALAN_STRICT_ANSI_HEADERS -include cstdlib -include cstring -include ctime    -z muldefs -fuse-ld=lld   <objects>        -lrt -lpthread -L/home/xzp/jemalloc/jemalloc-5.2.1-riscv/lib -ljemalloc   -o options
C: LD="/home/xzp/lib/llvm-riscv-17.0.0-rc2/bin/clang++ --target=riscv64-unknown-linux-gnu --gcc-toolchain=/home/xzp/lib/gnu-riscv64 --sysroot=/home/xzp/lib/gnu-riscv64/sysroot/"
O: CXXOPTIMIZE="-std=c++98 -O3 -ffast-math -march=rv64gc -flto -ffp-contract=off -Wno-compound-token-split-by-macro -static"
P: PORTABILITY="-DSPEC_CPU_LP64"
P: CXXPORTABILITY="-DSPEC_CPU_LINUX -DXALAN_STRICT_ANSI_HEADERS -include cstdlib -include cstring -include ctime"
O: EXTRA_LDFLAGS="-z muldefs -fuse-ld=lld"
O: EXTRA_LIBS="-lrt -lpthread -L/home/xzp/jemalloc/jemalloc-5.2.1-riscv/lib -ljemalloc"
C: LDOUT="-o options"
